mobile/manifest-merger-release-report.txt
-- Merging decision tree log ---
manifest
ADDED from AndroidManifest.xml:1:1
	xmlns:android
		ADDED from AndroidManifest.xml:1:11
	package
		ADDED from AndroidManifest.xml:2:3
		INJECTED from AndroidManifest.xml:0:0
		INJECTED from AndroidManifest.xml:0:0
	android:versionName
		INJECTED from AndroidManifest.xml:0:0
		INJECTED from AndroidManifest.xml:0:0
	android:versionCode
		INJECTED from AndroidManifest.xml:0:0
		INJECTED from AndroidManifest.xml:0:0
uses-permission#com.google.android.permission.PROVIDE_BACKGROUND
ADDED from AndroidManifest.xml:4:3
	android:name
		ADDED from AndroidManifest.xml:4:20
uses-permission#android.permission.WAKE_LOCK
ADDED from AndroidManifest.xml:5:3
	android:name
		ADDED from AndroidManifest.xml:5:20
application
ADDED from AndroidManifest.xml:7:3
MERGED from com.android.support:appcompat-v7:22.0.0:22:5
MERGED from com.android.support:support-v4:22.0.0:22:5
MERGED from com.google.android.gms:play-services-wearable:6.5.87:19:5
MERGED from com.google.android.gms:play-services-base:6.5.87:20:5
MERGED from com.android.support:support-v4:22.0.0:22:5
MERGED from com.android.support:support-v13:21.0.3:16:5
MERGED from com.android.support:support-v4:22.0.0:22:5
MERGED from AndroidManifest.xml:4:5
	android:label
		ADDED from AndroidManifest.xml:9:5
	android:allowBackup
		ADDED from AndroidManifest.xml:8:5
	android:icon
		ADDED from AndroidManifest.xml:10:5
	android:theme
		ADDED from AndroidManifest.xml:11:5
activity#com.ozzyboshi.internetbeattimewatchface.SimpleWatchFaceConfigurationActivity
ADDED from AndroidManifest.xml:13:5
	android:label
		ADDED from AndroidManifest.xml:15:7
	android:theme
		ADDED from AndroidManifest.xml:16:7
	android:name
		ADDED from AndroidManifest.xml:14:7
intent-filter#android.intent.action.MAIN+android.intent.category.DEFAULT+android.intent.category.LAUNCHER+com.google.android.wearable.watchface.category.COMPANION_CONFIGURATION+com.ozzyboshi.simpleandroidwatchface.CONFIG_DIGITAL
ADDED from AndroidManifest.xml:17:7
action#android.intent.action.MAIN
ADDED from AndroidManifest.xml:18:15
	android:name
		ADDED from AndroidManifest.xml:18:23
category#android.intent.category.LAUNCHER
ADDED from AndroidManifest.xml:19:15
	android:name
		ADDED from AndroidManifest.xml:19:25
action#com.ozzyboshi.simpleandroidwatchface.CONFIG_DIGITAL
ADDED from AndroidManifest.xml:20:9
	android:name
		ADDED from AndroidManifest.xml:20:17
category#com.google.android.wearable.watchface.category.COMPANION_CONFIGURATION
ADDED from AndroidManifest.xml:22:9
	android:name
		ADDED from AndroidManifest.xml:22:19
category#android.intent.category.DEFAULT
ADDED from AndroidManifest.xml:23:9
	android:name
		ADDED from AndroidManifest.xml:23:19
meta-data#com.google.android.gms.version
ADDED from AndroidManifest.xml:27:5
MERGED from com.google.android.gms:play-services-base:6.5.87:21:9
	android:name
		ADDED from AndroidManifest.xml:28:7
	android:value
		ADDED from AndroidManifest.xml:29:7
uses-sdk
INJECTED from AndroidManifest.xml:0:0 reason: use-sdk injection requested
MERGED from com.android.support:appcompat-v7:22.0.0:20:5
MERGED from com.android.support:support-v4:22.0.0:20:5
MERGED from com.google.android.gms:play-services-wearable:6.5.87:18:5
MERGED from com.google.android.gms:play-services-base:6.5.87:18:5
MERGED from com.android.support:support-v4:22.0.0:20:5
MERGED from com.android.support:support-v13:21.0.3:15:5
MERGED from com.android.support:support-v4:22.0.0:20:5
MERGED from AndroidManifest.xml:3:13
	android:targetSdkVersion
		INJECTED from AndroidManifest.xml:0:0
		INJECTED from AndroidManifest.xml:0:0
	android:minSdkVersion
		INJECTED from AndroidManifest.xml:0:0
		INJECTED from AndroidManifest.xml:0:0
meta-data#com.google.android.wearable.beta.app
ADDED from AndroidManifest.xml:5:9
	android:resource
		ADDED from AndroidManifest.xml:6:20
	android:name
		ADDED from AndroidManifest.xml:5:20